        README.md
        history.lis
        Untitled1.ipynb
        dyna.pdf
        reinforcement-learning-an-introduction
        bookdraft2016sep.pdf
        viewer.pdf
        q-learning.py
        outlace.github.io
        rlpart1.ipynb
        rlpart2.ipynb
        rlpart3.ipynb
        Untitled.ipynb
        Successful_Algorithmic_Trading.pdf
        py4fi
        research_public
        scikit-learn Cookbook.pdf
        IPython Notebook Essentials.pdf
        Python for Probability, Statistics, and Machine Learning.pdf
        Designing Machine Learning Systems with Python.pdf
        matplotlib Plotting Cookbook.pdf
        Matplotlib for Python Developers.pdf
        python_code
        Introduction to Machine Learning with Python.pdf
        Mastering Data Mining with Python.pdf
        Mastering Pandas.pdf
        Mastering-Python-for-Finance[ebooksfeed.com].pdf
        Python Machine Learning.pdf
        OReilly Web Scraping with Python.pdf
        Building-Machine-Learning-Systems-Python-ebook.pdf
        Python4DataAnalysis.pdf
        numpy_pandas_cheatsheet.pdf
        McGrawHill_-_Machine_Learning_-Tom_Mitchell.pdf
        320888473-What-hedge-funds-really-do-an-introduction-to-Portfolio-management.pdf
        Python_for_Finance.pdf
        Large Scale Machine Learning with Python.pdf
        Python Data Analysis Cookbook.pdf
