        dyna.pdf
        bookdraft2016sep.pdf
        viewer.pdf
        Successful_Algorithmic_Trading.pdf
        scikit-learn Cookbook.pdf
        IPython Notebook Essentials.pdf
        Python for Probability, Statistics, and Machine Learning.pdf
        Designing Machine Learning Systems with Python.pdf
        matplotlib Plotting Cookbook.pdf
        Matplotlib for Python Developers.pdf
        Introduction to Machine Learning with Python.pdf
        Mastering Data Mining with Python.pdf
        Mastering Pandas.pdf
        Mastering-Python-for-Finance[ebooksfeed.com].pdf
        Python Machine Learning.pdf
        OReilly Web Scraping with Python.pdf
        Building-Machine-Learning-Systems-Python-ebook.pdf
        Python4DataAnalysis.pdf
        numpy_pandas_cheatsheet.pdf
        McGrawHill_-_Machine_Learning_-Tom_Mitchell.pdf
        320888473-What-hedge-funds-really-do-an-introduction-to-Portfolio-management.pdf
        Python_for_Finance.pdf
        Large Scale Machine Learning with Python.pdf
        Python Data Analysis Cookbook.pdf
